{
  "RSpec": {
    "coverage": {
      "/app/Gemfile": {
        "lines": [
          null,
          null,
          1,
          null,
          null,
          1,
          null,
          1,
          null,
          1,
          null,
          1,
          null,
          1,
          null,
          1,
          null,
          1,
          null,
          1,
          1,
          1,
          1,
          null,
          null,
          null,
          null,
          null,
          1,
          null,
          null,
          1,
          1,
          1,
          null,
          null,
          1,
          null,
          null,
          1,
          null,
          null,
          1,
          null,
          null,
          null,
          null,
          1,
          null,
          1,
          null,
          null,
          1,
          null,
          null,
          1,
          1,
          1,
          1,
          1,
          null,
          1,
          1,
          1,
          1,
          1,
          1,
          1,
          1,
          1,
          1,
          null,
          null,
          1,
          null,
          1,
          null,
          null,
          1,
          null,
          1,
          1,
          1,
          null
        ],
        "branches": {}
      },
      "/app/app/helpers/application_helper.rb": {
        "lines": [
          null,
          null,
          1,
          null
        ],
        "branches": {}
      },
      "/app/app/helpers/championships_helper.rb": {
        "lines": [
          null,
          null,
          1,
          null
        ],
        "branches": {}
      },
      "/app/app/helpers/homepage_helper.rb": {
        "lines": [
          null,
          null,
          1,
          null
        ],
        "branches": {}
      },
      "/app/app/helpers/matches_helper.rb": {
        "lines": [
          null,
          null,
          1,
          null
        ],
        "branches": {}
      },
      "/app/app/helpers/player_stats_helper.rb": {
        "lines": [
          null,
          null,
          1,
          null
        ],
        "branches": {}
      },
      "/app/app/helpers/players_helper.rb": {
        "lines": [
          null,
          null,
          1,
          null
        ],
        "branches": {}
      },
      "/app/app/helpers/rounds_helper.rb": {
        "lines": [
          null,
          null,
          1,
          null
        ],
        "branches": {}
      },
      "/app/app/helpers/teams_helper.rb": {
        "lines": [
          null,
          null,
          1,
          null
        ],
        "branches": {}
      },
      "/app/app/controllers/championships_controller.rb": {
        "lines": [
          null,
          null,
          1,
          1,
          1,
          1,
          1,
          null,
          null,
          1,
          0,
          null,
          null,
          1,
          2,
          2,
          1,
          null,
          1,
          null,
          null,
          null,
          1,
          1,
          1,
          null,
          0,
          null,
          null,
          null,
          1,
          1,
          null,
          null,
          1,
          null,
          1,
          2,
          null,
          null,
          1,
          3,
          null,
          null
        ],
        "branches": {
          "[:if, 0, 16, 4, 20, 7]": {
            "[:then, 1, 17, 6, 17, 75]": 1,
            "[:else, 2, 19, 6, 19, 70]": 1
          },
          "[:if, 3, 24, 4, 28, 7]": {
            "[:then, 4, 25, 6, 25, 32]": 1,
            "[:else, 5, 27, 6, 27, 70]": 0
          }
        }
      },
      "/app/app/controllers/application_controller.rb": {
        "lines": [
          null,
          null,
          1,
          null,
          1,
          null
        ],
        "branches": {}
      },
      "/app/app/controllers/matches_controller.rb": {
        "lines": [
          null,
          null,
          1,
          1,
          1,
          0,
          null,
          null,
          1,
          null,
          1,
          0,
          0,
          0,
          null,
          0,
          null,
          null,
          null,
          1,
          0,
          0,
          null,
          0,
          null,
          null,
          null,
          1,
          0,
          null,
          null,
          1,
          null,
          1,
          0,
          null,
          null,
          1,
          0,
          null,
          null
        ],
        "branches": {
          "[:if, 0, 13, 4, 17, 7]": {
            "[:then, 1, 14, 6, 14, 61]": 0,
            "[:else, 2, 16, 6, 16, 63]": 0
          },
          "[:if, 3, 21, 4, 25, 7]": {
            "[:then, 4, 22, 6, 22, 25]": 0,
            "[:else, 5, 24, 6, 24, 63]": 0
          }
        }
      },
      "/app/app/controllers/player_stats_controller.rb": {
        "lines": [
          null,
          null,
          1,
          1,
          null,
          1,
          0,
          null,
          null,
          1,
          null,
          1,
          0,
          null,
          null,
          1,
          0,
          0,
          0,
          null,
          0,
          null,
          null,
          null,
          1,
          null,
          1,
          0,
          0,
          null,
          0,
          null,
          null,
          null,
          1,
          0,
          0,
          null,
          null,
          1,
          null,
          1,
          0,
          null,
          null,
          1,
          0,
          null,
          null
        ],
        "branches": {
          "[:if, 0, 18, 4, 22, 7]": {
            "[:then, 1, 19, 6, 19, 78]": 0,
            "[:else, 2, 21, 6, 21, 48]": 0
          },
          "[:if, 3, 28, 4, 32, 7]": {
            "[:then, 4, 29, 6, 29, 78]": 0,
            "[:else, 5, 31, 6, 31, 51]": 0
          }
        }
      },
      "/app/app/controllers/players_controller.rb": {
        "lines": [
          null,
          null,
          1,
          1,
          1,
          0,
          null,
          null,
          1,
          null,
          1,
          0,
          0,
          0,
          null,
          0,
          null,
          null,
          null,
          1,
          0,
          0,
          null,
          0,
          null,
          null,
          null,
          1,
          0,
          null,
          null,
          1,
          null,
          1,
          0,
          null,
          null,
          1,
          0,
          null,
          null
        ],
        "branches": {
          "[:if, 0, 13, 4, 17, 7]": {
            "[:then, 1, 14, 6, 14, 63]": 0,
            "[:else, 2, 16, 6, 16, 64]": 0
          },
          "[:if, 3, 21, 4, 25, 7]": {
            "[:then, 4, 22, 6, 22, 26]": 0,
            "[:else, 5, 24, 6, 24, 64]": 0
          }
        }
      },
      "/app/app/controllers/rounds_controller.rb": {
        "lines": [
          null,
          null,
          1,
          1,
          1,
          0,
          0,
          null,
          null,
          1,
          null,
          1,
          0,
          0,
          0,
          null,
          0,
          null,
          null,
          null,
          1,
          0,
          0,
          null,
          0,
          null,
          null,
          null,
          1,
          0,
          null,
          null,
          1,
          null,
          1,
          0,
          null,
          null,
          1,
          0,
          null,
          null
        ],
        "branches": {
          "[:if, 0, 14, 4, 18, 7]": {
            "[:then, 1, 15, 6, 15, 61]": 0,
            "[:else, 2, 17, 6, 17, 63]": 0
          },
          "[:if, 3, 22, 4, 26, 7]": {
            "[:then, 4, 23, 6, 23, 25]": 0,
            "[:else, 5, 25, 6, 25, 63]": 0
          }
        }
      },
      "/app/app/controllers/teams_controller.rb": {
        "lines": [
          null,
          null,
          1,
          1,
          1,
          0,
          null,
          null,
          1,
          null,
          1,
          0,
          0,
          0,
          null,
          0,
          null,
          null,
          null,
          1,
          0,
          0,
          null,
          0,
          null,
          null,
          null,
          1,
          0,
          null,
          null,
          1,
          null,
          1,
          0,
          null,
          null,
          1,
          0,
          null,
          null
        ],
        "branches": {
          "[:if, 0, 13, 4, 17, 7]": {
            "[:then, 1, 14, 6, 14, 59]": 0,
            "[:else, 2, 16, 6, 16, 62]": 0
          },
          "[:if, 3, 21, 4, 25, 7]": {
            "[:then, 4, 22, 6, 22, 24]": 0,
            "[:else, 5, 24, 6, 24, 62]": 0
          }
        }
      },
      "/app/app/models/championship.rb": {
        "lines": [
          null,
          null,
          1,
          1,
          null,
          1,
          null,
          1,
          0,
          null,
          null
        ],
        "branches": {}
      },
      "/app/app/models/application_record.rb": {
        "lines": [
          null,
          null,
          1,
          1,
          null
        ],
        "branches": {}
      },
      "/app/app/models/match.rb": {
        "lines": [
          null,
          null,
          1,
          1,
          1,
          1,
          1,
          null,
          1,
          null
        ],
        "branches": {}
      },
      "/app/app/models/player.rb": {
        "lines": [
          null,
          null,
          1,
          1,
          1,
          1,
          1,
          null,
          1,
          null
        ],
        "branches": {}
      },
      "/app/app/models/player_stat.rb": {
        "lines": [
          null,
          null,
          1,
          1,
          1,
          1,
          null,
          1,
          1,
          1,
          1,
          null
        ],
        "branches": {}
      },
      "/app/app/models/player_team.rb": {
        "lines": [
          null,
          null,
          1,
          1,
          1,
          null
        ],
        "branches": {}
      },
      "/app/app/models/round.rb": {
        "lines": [
          null,
          null,
          1,
          1,
          1,
          null,
          1,
          1,
          null
        ],
        "branches": {}
      },
      "/app/app/models/team.rb": {
        "lines": [
          null,
          null,
          1,
          1,
          1,
          null,
          1,
          null,
          1,
          null
        ],
        "branches": {}
      },
      "/app/app/jobs/application_job.rb": {
        "lines": [
          null,
          null,
          0,
          null,
          null,
          null,
          null,
          null,
          0
        ],
        "branches": {}
      },
      "/app/app/mailers/application_mailer.rb": {
        "lines": [
          null,
          null,
          0,
          0,
          0,
          0
        ],
        "branches": {}
      }
    },
    "timestamp": 1736273586
  }
}
