{
  "RSpec": {
    "coverage": {
      "/mnt/c/Users/Lucas/RubymineProjects/saturday_league_football/app/controllers/application_controller.rb": {
        "lines": [
          null,
          null,
          0,
          null,
          0,
          0
        ],
        "branches": {}
      },
      "/mnt/c/Users/Lucas/RubymineProjects/saturday_league_football/app/controllers/championships_controller.rb": {
        "lines": [
          null,
          null,
          0,
          0,
          0,
          0,
          0,
          null,
          0,
          null,
          0,
          0,
          0,
          0,
          0,
          0,
          0,
          0,
          null,
          0,
          0,
          0,
          0,
          0,
          0,
          0,
          null,
          0,
          0,
          0,
          null,
          0,
          null,
          0,
          0,
          0,
          null,
          0,
          0,
          0,
          0
        ],
        "branches": {}
      },
      "/mnt/c/Users/Lucas/RubymineProjects/saturday_league_football/app/controllers/homepage_controller.rb": {
        "lines": [
          0,
          0,
          0,
          0
        ],
        "branches": {}
      },
      "/mnt/c/Users/Lucas/RubymineProjects/saturday_league_football/app/controllers/matches_controller.rb": {
        "lines": [
          null,
          null,
          0,
          0,
          0,
          0,
          0,
          null,
          0,
          null,
          0,
          0,
          0,
          0,
          0,
          0,
          0,
          0,
          null,
          0,
          0,
          0,
          0,
          0,
          0,
          0,
          null,
          0,
          0,
          0,
          null,
          0,
          null,
          0,
          0,
          0,
          null,
          0,
          0,
          0,
          0
        ],
        "branches": {}
      },
      "/mnt/c/Users/Lucas/RubymineProjects/saturday_league_football/app/controllers/player_stats_controller.rb": {
        "lines": [
          null,
          null,
          0,
          0,
          null,
          0,
          0,
          0,
          null,
          0,
          null,
          0,
          0,
          0,
          null,
          0,
          0,
          0,
          0,
          0,
          0,
          0,
          0,
          null,
          0,
          null,
          0,
          0,
          0,
          0,
          0,
          0,
          0,
          null,
          0,
          0,
          0,
          0,
          null,
          0,
          null,
          0,
          0,
          0,
          null,
          0,
          0,
          0,
          0
        ],
        "branches": {}
      },
      "/mnt/c/Users/Lucas/RubymineProjects/saturday_league_football/app/controllers/players_controller.rb": {
        "lines": [
          null,
          null,
          0,
          0,
          0,
          0,
          0,
          null,
          0,
          null,
          0,
          0,
          0,
          0,
          0,
          0,
          0,
          0,
          null,
          0,
          0,
          0,
          0,
          0,
          0,
          0,
          null,
          0,
          0,
          0,
          null,
          0,
          null,
          0,
          0,
          0,
          null,
          0,
          0,
          0,
          0
        ],
        "branches": {}
      },
      "/mnt/c/Users/Lucas/RubymineProjects/saturday_league_football/app/controllers/rounds_controller.rb": {
        "lines": [
          null,
          null,
          0,
          0,
          0,
          0,
          0,
          null,
          0,
          null,
          0,
          0,
          0,
          0,
          0,
          0,
          0,
          0,
          null,
          0,
          0,
          0,
          0,
          0,
          0,
          0,
          null,
          0,
          0,
          0,
          null,
          0,
          null,
          0,
          0,
          0,
          null,
          0,
          0,
          0,
          0
        ],
        "branches": {}
      },
      "/mnt/c/Users/Lucas/RubymineProjects/saturday_league_football/app/controllers/teams_controller.rb": {
        "lines": [
          null,
          null,
          0,
          0,
          0,
          0,
          0,
          null,
          0,
          null,
          0,
          0,
          0,
          0,
          0,
          0,
          0,
          0,
          null,
          0,
          0,
          0,
          0,
          0,
          0,
          0,
          null,
          0,
          0,
          0,
          null,
          0,
          null,
          0,
          0,
          0,
          null,
          0,
          0,
          0,
          0
        ],
        "branches": {}
      },
      "/mnt/c/Users/Lucas/RubymineProjects/saturday_league_football/app/helpers/application_helper.rb": {
        "lines": [
          null,
          null,
          0,
          0
        ],
        "branches": {}
      },
      "/mnt/c/Users/Lucas/RubymineProjects/saturday_league_football/app/helpers/championships_helper.rb": {
        "lines": [
          null,
          null,
          0,
          0
        ],
        "branches": {}
      },
      "/mnt/c/Users/Lucas/RubymineProjects/saturday_league_football/app/helpers/homepage_helper.rb": {
        "lines": [
          0,
          0
        ],
        "branches": {}
      },
      "/mnt/c/Users/Lucas/RubymineProjects/saturday_league_football/app/helpers/matches_helper.rb": {
        "lines": [
          null,
          null,
          0,
          0
        ],
        "branches": {}
      },
      "/mnt/c/Users/Lucas/RubymineProjects/saturday_league_football/app/helpers/player_stats_helper.rb": {
        "lines": [
          null,
          null,
          0,
          0
        ],
        "branches": {}
      },
      "/mnt/c/Users/Lucas/RubymineProjects/saturday_league_football/app/helpers/players_helper.rb": {
        "lines": [
          null,
          null,
          0,
          0
        ],
        "branches": {}
      },
      "/mnt/c/Users/Lucas/RubymineProjects/saturday_league_football/app/helpers/rounds_helper.rb": {
        "lines": [
          null,
          null,
          0,
          0
        ],
        "branches": {}
      },
      "/mnt/c/Users/Lucas/RubymineProjects/saturday_league_football/app/helpers/teams_helper.rb": {
        "lines": [
          null,
          null,
          0,
          0
        ],
        "branches": {}
      },
      "/mnt/c/Users/Lucas/RubymineProjects/saturday_league_football/app/jobs/application_job.rb": {
        "lines": [
          null,
          null,
          0,
          null,
          null,
          null,
          null,
          null,
          0
        ],
        "branches": {}
      },
      "/mnt/c/Users/Lucas/RubymineProjects/saturday_league_football/app/mailers/application_mailer.rb": {
        "lines": [
          null,
          null,
          0,
          0,
          0,
          0
        ],
        "branches": {}
      },
      "/mnt/c/Users/Lucas/RubymineProjects/saturday_league_football/app/models/application_record.rb": {
        "lines": [
          null,
          null,
          0,
          0,
          0
        ],
        "branches": {}
      },
      "/mnt/c/Users/Lucas/RubymineProjects/saturday_league_football/app/models/championship.rb": {
        "lines": [
          null,
          null,
          0,
          0,
          null,
          0,
          0
        ],
        "branches": {}
      },
      "/mnt/c/Users/Lucas/RubymineProjects/saturday_league_football/app/models/match.rb": {
        "lines": [
          null,
          null,
          0,
          0,
          0,
          0,
          0,
          null,
          0,
          0
        ],
        "branches": {}
      },
      "/mnt/c/Users/Lucas/RubymineProjects/saturday_league_football/app/models/player.rb": {
        "lines": [
          null,
          null,
          0,
          0,
          0,
          0,
          0,
          null,
          0,
          0
        ],
        "branches": {}
      },
      "/mnt/c/Users/Lucas/RubymineProjects/saturday_league_football/app/models/player_stat.rb": {
        "lines": [
          null,
          null,
          0,
          0,
          0,
          0,
          null,
          0,
          0,
          0,
          0,
          0
        ],
        "branches": {}
      },
      "/mnt/c/Users/Lucas/RubymineProjects/saturday_league_football/app/models/player_team.rb": {
        "lines": [
          0,
          0,
          0,
          0
        ],
        "branches": {}
      },
      "/mnt/c/Users/Lucas/RubymineProjects/saturday_league_football/app/models/round.rb": {
        "lines": [
          null,
          null,
          0,
          0,
          0,
          null,
          0,
          0,
          0
        ],
        "branches": {}
      },
      "/mnt/c/Users/Lucas/RubymineProjects/saturday_league_football/app/models/team.rb": {
        "lines": [
          null,
          null,
          0,
          0,
          0,
          null,
          0,
          null,
          0,
          0
        ],
        "branches": {}
      }
    },
    "timestamp": 1735323934
  }
}
